<?xml version="1.0" encoding="UTF-8"?>
<!-- Generated by org.testng.reporters.JUnitReportReporter -->
<testsuite hostname="Sai" failures="0" tests="1" name="restAPI.PostRequestWithFile" time="1.892" errors="0" timestamp="08 Jul 2023 05:14:08 GMT" skipped="0">
  <testcase classname="restAPI.PostRequestWithFile" name="test1" time="1.892"/>
</testsuite> <!-- restAPI.PostRequestWithFile -->
