<?xml version="1.0" encoding="UTF-8"?>
<!-- Generated by org.testng.reporters.JUnitReportReporter -->
<testsuite hostname="Sai" failures="0" tests="1" name="GitHub.CreateRepo" time="3.625" errors="0" timestamp="08 Jul 2023 06:56:57 GMT" skipped="0">
  <testcase classname="GitHub.CreateRepo" name="test1" time="3.625"/>
</testsuite> <!-- GitHub.CreateRepo -->
