<?xml version="1.0" encoding="UTF-8"?>
<!-- Generated by org.testng.reporters.JUnitReportReporter -->
<testsuite hostname="Sai" failures="0" tests="1" name="restAPIXML.XMLTest" time="5.930" errors="0" timestamp="09 Jul 2023 06:06:03 GMT" skipped="0">
  <testcase classname="restAPIXML.XMLTest" name="test2" time="5.930"/>
</testsuite> <!-- restAPIXML.XMLTest -->
