<?xml version="1.0" encoding="UTF-8"?>
<!-- Generated by org.testng.reporters.JUnitReportReporter -->
<testsuite hostname="Sai" failures="0" tests="1" name="restAPI.PutRequest" time="2.102" errors="0" timestamp="08 Jul 2023 05:54:39 GMT" skipped="0">
  <testcase classname="restAPI.PutRequest" name="test1" time="2.102"/>
</testsuite> <!-- restAPI.PutRequest -->
