<?xml version="1.0" encoding="UTF-8"?>
<!-- Generated by org.testng.reporters.JUnitReportReporter -->
<testsuite hostname="Sai" failures="0" tests="1" name="SpringBoot.PostNewEmployee" time="1.868" errors="0" timestamp="08 Jul 2023 06:30:18 GMT" skipped="0">
  <testcase classname="SpringBoot.PostNewEmployee" name="test1" time="1.868"/>
</testsuite> <!-- SpringBoot.PostNewEmployee -->
