<?xml version="1.0" encoding="UTF-8"?>
<!-- Generated by org.testng.reporters.JUnitReportReporter -->
<testsuite hostname="Sai" failures="0" tests="1" name="restAPIBDD.PostRequestBDD" time="3.634" errors="0" timestamp="09 Jul 2023 04:43:34 GMT" skipped="0">
  <testcase classname="restAPIBDD.PostRequestBDD" name="test1" time="3.634"/>
</testsuite> <!-- restAPIBDD.PostRequestBDD -->
