<?xml version="1.0" encoding="UTF-8"?>
<!-- Generated by org.testng.reporters.JUnitReportReporter -->
<testsuite hostname="Sai" failures="0" tests="1" name="restAPIBDD.GetRequestBDD" time="4.308" errors="0" timestamp="09 Jul 2023 04:55:55 GMT" skipped="0">
  <testcase classname="restAPIBDD.GetRequestBDD" name="test3" time="4.308"/>
</testsuite> <!-- restAPIBDD.GetRequestBDD -->
