<?xml version="1.0" encoding="UTF-8"?>
<!-- Generated by org.testng.reporters.JUnitReportReporter -->
<testsuite hostname="Sai" failures="0" tests="1" name="restAPI.PostRequest" time="2.019" errors="0" timestamp="08 Jul 2023 04:27:29 GMT" skipped="0">
  <testcase classname="restAPI.PostRequest" name="test1" time="2.019"/>
</testsuite> <!-- restAPI.PostRequest -->
