<?xml version="1.0" encoding="UTF-8"?>
<!-- Generated by org.testng.reporters.JUnitReportReporter -->
<testsuite hostname="Sai" failures="0" tests="1" name="restAPI.GetRequestWithParm" time="5.096" errors="0" timestamp="02 Jul 2023 07:18:20 GMT" skipped="0">
  <testcase classname="restAPI.GetRequestWithParm" name="test1" time="5.096"/>
</testsuite> <!-- restAPI.GetRequestWithParm -->
