<?xml version="1.0" encoding="UTF-8"?>
<!-- Generated by org.testng.reporters.JUnitReportReporter -->
<testsuite hostname="Sai" failures="0" tests="1" name="restAPI.GetRequest" time="4.988" errors="0" timestamp="09 Jul 2023 03:45:20 GMT" skipped="0">
  <testcase classname="restAPI.GetRequest" name="test1" time="4.988"/>
</testsuite> <!-- restAPI.GetRequest -->
