<?xml version="1.0" encoding="UTF-8"?>
<!-- Generated by org.testng.reporters.JUnitReportReporter -->
<testsuite hostname="Sai" failures="0" tests="1" name="SpringBoot.GetAllEmployees" time="1.751" errors="0" timestamp="08 Jul 2023 06:29:08 GMT" skipped="0">
  <testcase classname="SpringBoot.GetAllEmployees" name="test1" time="1.751"/>
</testsuite> <!-- SpringBoot.GetAllEmployees -->
