<?xml version="1.0" encoding="UTF-8"?>
<!-- Generated by org.testng.reporters.JUnitReportReporter -->
<testsuite hostname="Sai" failures="0" tests="1" name="restAPI.PostRequestWithHashMap" time="2.143" errors="0" timestamp="08 Jul 2023 04:42:17 GMT" skipped="0">
  <testcase classname="restAPI.PostRequestWithHashMap" name="test1" time="2.143"/>
</testsuite> <!-- restAPI.PostRequestWithHashMap -->
