<?xml version="1.0" encoding="UTF-8"?>
<!-- Generated by org.testng.reporters.JUnitReportReporter -->
<testsuite hostname="Sai" failures="0" tests="1" name="restAPI.DeleteRequest" time="1.814" errors="0" timestamp="08 Jul 2023 05:57:28 GMT" skipped="0">
  <testcase classname="restAPI.DeleteRequest" name="test1" time="1.814"/>
</testsuite> <!-- restAPI.DeleteRequest -->
