<?xml version="1.0" encoding="UTF-8"?>
<!-- Generated by org.testng.reporters.JUnitReportReporter -->
<testsuite hostname="Sai" failures="0" tests="1" name="SpringBoot.GetAccessToken" time="0.011" errors="0" timestamp="15 Jul 2023 04:12:04 GMT" skipped="0">
  <testcase classname="SpringBoot.GetAccessToken" name="test1" time="0.011"/>
</testsuite> <!-- SpringBoot.GetAccessToken -->
